<?xml version="1.0" encoding="UTF-8"?>
<testng-results ignored="0" total="1" passed="1" failed="0" skipped="0">
  <reporter-output>
  </reporter-output>
  <suite started-at="2022-05-30T09:34:12 IST" name="Suite" finished-at="2022-05-30T09:34:27 IST" duration-ms="15253">
    <groups>
    </groups>
    <test started-at="2022-05-30T09:34:12 IST" name="Test" finished-at="2022-05-30T09:34:27 IST" duration-ms="15253">
      <class name="org.vedban.customer.CheckAmountbalance">
        <test-method is-config="true" signature="beforeSuite()[pri:0, instance:org.vedban.customer.CheckAmountbalance@44de0113]" started-at="2022-05-30T09:34:09 IST" name="beforeSuite" finished-at="2022-05-30T09:34:12 IST" duration-ms="3011" status="PASS">
          <reporter-output>
          </reporter-output>
        </test-method> <!-- beforeSuite -->
        <test-method is-config="true" signature="beforeClass(java.lang.String,java.lang.String)[pri:0, instance:org.vedban.customer.CheckAmountbalance@44de0113]" started-at="2022-05-30T09:34:13 IST" name="beforeClass" finished-at="2022-05-30T09:34:23 IST" duration-ms="9832" status="PASS">
          <params>
            <param index="0">
              <value>
                <![CDATA[chrome]]>
              </value>
            </param>
            <param index="1">
              <value>
                <![CDATA[http://122.166.192.191:9001/]]>
              </value>
            </param>
          </params>
          <reporter-output>
          </reporter-output>
        </test-method> <!-- beforeClass -->
        <test-method is-config="true" signature="beforeMethod(java.lang.String,java.lang.String)[pri:0, instance:org.vedban.customer.CheckAmountbalance@44de0113]" started-at="2022-05-30T09:34:23 IST" name="beforeMethod" finished-at="2022-05-30T09:34:24 IST" duration-ms="1072" status="PASS">
          <params>
            <param index="0">
              <value>
                <![CDATA[customer]]>
              </value>
            </param>
            <param index="1">
              <value>
                <![CDATA[customer]]>
              </value>
            </param>
          </params>
          <reporter-output>
          </reporter-output>
        </test-method> <!-- beforeMethod -->
        <test-method signature="checkAmountbalance()[pri:0, instance:org.vedban.customer.CheckAmountbalance@44de0113]" started-at="2022-05-30T09:34:24 IST" name="checkAmountbalance" finished-at="2022-05-30T09:34:25 IST" duration-ms="868" status="PASS">
          <reporter-output>
          </reporter-output>
        </test-method> <!-- checkAmountbalance -->
        <test-method is-config="true" signature="afterMethod()[pri:0, instance:org.vedban.customer.CheckAmountbalance@44de0113]" started-at="2022-05-30T09:34:25 IST" name="afterMethod" finished-at="2022-05-30T09:34:26 IST" duration-ms="622" status="PASS">
          <reporter-output>
          </reporter-output>
        </test-method> <!-- afterMethod -->
        <test-method is-config="true" signature="afterClass()[pri:0, instance:org.vedban.customer.CheckAmountbalance@44de0113]" started-at="2022-05-30T09:34:26 IST" name="afterClass" finished-at="2022-05-30T09:34:27 IST" duration-ms="1474" status="PASS">
          <reporter-output>
          </reporter-output>
        </test-method> <!-- afterClass -->
        <test-method is-config="true" signature="afterSuite()[pri:0, instance:org.vedban.customer.CheckAmountbalance@44de0113]" started-at="2022-05-30T09:34:28 IST" name="afterSuite" finished-at="2022-05-30T09:34:28 IST" duration-ms="2" status="PASS">
          <reporter-output>
          </reporter-output>
        </test-method> <!-- afterSuite -->
      </class> <!-- org.vedban.customer.CheckAmountbalance -->
    </test> <!-- Test -->
  </suite> <!-- Suite -->
</testng-results>
